<?xml version="1.0" encoding="UTF-8"?>
<!-- Generated by org.testng.reporters.JUnitXMLReporter -->
<testsuite ignored="0" hostname="DESKTOP-O0NLTGO" failures="0" tests="4" name="Test-Suite2" time="0.082" errors="0" timestamp="2024-09-28T13:22:08 IST">
  <testcase classname="uid.Video2_CreatingTestScript" name="TestCase1" time="0.004"/>
  <testcase classname="uid.Video2_CreatingTestScript" name="TestCase2" time="0.007"/>
  <testcase classname="uid.Video2_priorityAkYaTest" name="fooTest" time="0.01"/>
  <testcase classname="uid.Video2_priorityAkYaTest" name="afooTest1" time="0.003"/>
</testsuite> <!-- Test-Suite2 -->
