<?xml version="1.0" encoding="UTF-8"?>
<!DOCTYPE suite SYSTEM "https://testng.org/testng-1.0.dtd">
<suite name="Test-Suite2">
  <test  name="Test-Suite2">
    <classes>
      <class name="uid.Video2_CreatingTestScript"/>
      <class name="uid.Video2_priorityAkYaTest"/>
    </classes>
  </test> <!-- Test -->
</suite> <!-- Suite -->
