<?xml version="1.0" encoding="UTF-8"?>
<!-- Generated by org.testng.reporters.JUnitXMLReporter -->
<testsuite ignored="3" hostname="DESKTOP-O0NLTGO" failures="0" tests="2" name="test-ResgrssionGroup" time="0.246" errors="0" timestamp="2024-09-28T13:45:32 IST">
  <testcase classname="uid.Video6_groups" name="fooTest3" time="0.038"/>
  <testcase classname="uid.Video6_groups" name="fooTest4" time="0.003"/>
  <testcase classname="uid.Video6_groups" name="fooTest" time="0.0">
    <ignored/>
  </testcase> <!-- fooTest -->
  <testcase classname="uid.Video6_groups" name="fooTest1" time="0.0">
    <ignored/>
  </testcase> <!-- fooTest1 -->
  <testcase classname="uid.Video6_groups" name="fooTest2" time="0.0">
    <ignored/>
  </testcase> <!-- fooTest2 -->
</testsuite> <!-- test-ResgrssionGroup -->
