<?xml version="1.0" encoding="UTF-8"?>
<!-- Generated by org.testng.reporters.JUnitReportReporter -->
<testsuite hostname="DESKTOP-O0NLTGO" failures="0" tests="3" name="uid.BeforeClassVsBeforeGroup" time="0.013" errors="0" timestamp="2024-09-28T14:53:47 IST" skipped="0">
  <testcase classname="uid.BeforeClassVsBeforeGroup" name="TC1" time="0.009"/>
  <testcase classname="uid.BeforeClassVsBeforeGroup" name="TC2" time="0.002"/>
  <testcase classname="uid.BeforeClassVsBeforeGroup" name="TC3" time="0.002"/>
</testsuite> <!-- uid.BeforeClassVsBeforeGroup -->
