<?xml version="1.0" encoding="UTF-8"?>
<!-- Generated by org.testng.reporters.JUnitReportReporter -->
<testsuite hostname="DESKTOP-O0NLTGO" failures="0" tests="4" name="uid.Video12_HowtoUSeDataProviderinSelenium" time="23.681" errors="0" timestamp="2024-09-30T08:56:39 IST" skipped="0">
  <testcase classname="uid.Video12_HowtoUSeDataProviderinSelenium" name="usedataProvider" time="4.666"/>
  <testcase classname="uid.Video12_HowtoUSeDataProviderinSelenium" name="usedataProvider" time="6.304"/>
  <testcase classname="uid.Video12_HowtoUSeDataProviderinSelenium" name="usedataProvider" time="4.358"/>
  <testcase classname="uid.Video12_HowtoUSeDataProviderinSelenium" name="usedataProvider" time="8.353"/>
</testsuite> <!-- uid.Video12_HowtoUSeDataProviderinSelenium -->
