<?xml version="1.0" encoding="UTF-8"?>
<!-- Generated by org.testng.reporters.JUnitReportReporter -->
<testsuite hostname="DESKTOP-O0NLTGO" failures="0" tests="5" name="uid.Video6_groups" time="0.039" errors="0" timestamp="2024-10-03T10:36:18 IST" skipped="0">
  <testcase classname="uid.Video6_groups" name="fooTest4" time="0.006"/>
  <testcase classname="uid.Video6_groups" name="fooTest" time="0.006"/>
  <testcase classname="uid.Video6_groups" name="fooTest1" time="0.005"/>
  <testcase classname="uid.Video6_groups" name="fooTest2" time="0.018"/>
  <testcase classname="uid.Video6_groups" name="fooTest3" time="0.004"/>
</testsuite> <!-- uid.Video6_groups -->
