<?xml version="1.0" encoding="UTF-8"?>
<!-- Generated by org.testng.reporters.JUnitReportReporter -->
<testsuite hostname="DESKTOP-O0NLTGO" failures="0" tests="2" name="uid.Vedio3_BeforeTestvsBeforeMethod" time="0.020" errors="0" timestamp="2024-09-28T13:22:08 IST" skipped="0">
  <testcase classname="uid.Vedio3_BeforeTestvsBeforeMethod" name="fooTesting" time="0.014"/>
  <testcase classname="uid.Vedio3_BeforeTestvsBeforeMethod" name="afooTesting1" time="0.006"/>
</testsuite> <!-- uid.Vedio3_BeforeTestvsBeforeMethod -->
