<?xml version="1.0" encoding="UTF-8"?>
<!-- Generated by org.testng.reporters.JUnitReportReporter -->
<testsuite hostname="DESKTOP-O0NLTGO" failures="0" tests="5" name="ParallelTesting.DemoParrallel" time="51.387" errors="0" timestamp="2024-10-03T15:53:31 IST" skipped="0">
  <testcase classname="ParallelTesting.DemoParrallel" name="Test4" time="7.216"/>
  <testcase classname="ParallelTesting.DemoParrallel" name="Test1" time="9.511"/>
  <testcase classname="ParallelTesting.DemoParrallel" name="Test5" time="8.181"/>
  <testcase classname="ParallelTesting.DemoParrallel" name="Test3" time="17.234"/>
  <testcase classname="ParallelTesting.DemoParrallel" name="Test2" time="9.245"/>
</testsuite> <!-- ParallelTesting.DemoParrallel -->
