<?xml version="1.0" encoding="UTF-8"?>
<!-- Generated by org.testng.reporters.JUnitReportReporter -->
<testsuite hostname="DESKTOP-O0NLTGO" failures="0" tests="4" name="uid.Video11_DataProviderDemoTest" time="0.021" errors="0" timestamp="2024-10-02T20:42:48 IST" skipped="0">
  <testcase classname="uid.Video11_DataProviderDemoTest" name="usedataProvider" time="0.006"/>
  <testcase classname="uid.Video11_DataProviderDemoTest" name="usedataProvider" time="0.011"/>
  <testcase classname="uid.Video11_DataProviderDemoTest" name="usedataProvider" time="0.002"/>
  <testcase classname="uid.Video11_DataProviderDemoTest" name="usedataProvider" time="0.002"/>
</testsuite> <!-- uid.Video11_DataProviderDemoTest -->
