<?xml version="1.0" encoding="UTF-8"?>
<!-- Generated by org.testng.reporters.JUnitReportReporter -->
<testsuite hostname="DESKTOP-O0NLTGO" failures="0" tests="2" name="uid.Video2_priorityAkYaTest" time="0.013" errors="0" timestamp="2024-09-28T13:22:08 IST" skipped="0">
  <testcase classname="uid.Video2_priorityAkYaTest" name="fooTest" time="0.010"/>
  <testcase classname="uid.Video2_priorityAkYaTest" name="afooTest1" time="0.003"/>
</testsuite> <!-- uid.Video2_priorityAkYaTest -->
