<?xml version="1.0" encoding="UTF-8"?>
<!-- Generated by org.testng.reporters.JUnitReportReporter -->
<testsuite hostname="DESKTOP-O0NLTGO" failures="0" tests="2" name="uid.BeforeTestvsBeforeMethod" time="0.011" errors="0" timestamp="2024-09-13T18:30:25 IST" skipped="0">
  <testcase classname="uid.BeforeTestvsBeforeMethod" name="fooTesting" time="0.008"/>
  <testcase classname="uid.BeforeTestvsBeforeMethod" name="afooTesting1" time="0.003"/>
</testsuite> <!-- uid.BeforeTestvsBeforeMethod -->
