<?xml version="1.0" encoding="UTF-8"?>
<!-- Generated by org.testng.reporters.JUnitReportReporter -->
<testsuite hostname="DESKTOP-O0NLTGO" failures="0" tests="4" name="Video13.TestCases" time="29.123" errors="0" timestamp="2024-10-02T20:41:14 IST" skipped="0">
  <testcase classname="Video13.TestCases" name="loginSauce" time="5.037"/>
  <testcase classname="Video13.TestCases" name="loginSauce" time="14.011"/>
  <testcase classname="Video13.TestCases" name="loginSauce" time="5.043"/>
  <testcase classname="Video13.TestCases" name="loginSauce" time="5.032"/>
</testsuite> <!-- Video13.TestCases -->
