<?xml version="1.0" encoding="UTF-8"?>
<!-- Generated by org.testng.reporters.JUnitReportReporter -->
<testsuite hostname="DESKTOP-O0NLTGO" failures="0" tests="3" name="uid.Video9_BeforeClassVsBeforeGroup" time="0.011" errors="0" timestamp="2024-10-03T10:36:18 IST" skipped="0">
  <testcase classname="uid.Video9_BeforeClassVsBeforeGroup" name="TC1" time="0.002"/>
  <testcase classname="uid.Video9_BeforeClassVsBeforeGroup" name="TC2" time="0.006"/>
  <testcase classname="uid.Video9_BeforeClassVsBeforeGroup" name="TC3" time="0.003"/>
</testsuite> <!-- uid.Video9_BeforeClassVsBeforeGroup -->
