<?xml version="1.0" encoding="UTF-8"?>
<!-- Generated by org.testng.reporters.JUnitReportReporter -->
<testsuite hostname="DESKTOP-O0NLTGO" failures="0" tests="4" name="uid.Suite.Video10_Suite2" time="0.024" errors="0" timestamp="2024-09-28T15:41:01 IST" skipped="0">
  <testcase classname="uid.Suite.Video10_Suite2" name="test2" time="0.005"/>
  <testcase classname="uid.Suite.Video10_Suite2" name="test4" time="0.003"/>
  <testcase classname="uid.Suite.Video10_Suite2" name="test3" time="0.005"/>
  <testcase classname="uid.Suite.Video10_Suite2" name="test1" time="0.011"/>
</testsuite> <!-- uid.Suite.Video10_Suite2 -->
