<?xml version="1.0" encoding="UTF-8"?>
<!-- Generated by org.testng.reporters.JUnitReportReporter -->
<testsuite hostname="DESKTOP-O0NLTGO" failures="0" tests="2" name="uid.AkYaTest" time="0.025" errors="0" timestamp="2024-09-28T11:42:48 IST" skipped="0">
  <testcase classname="uid.AkYaTest" name="fooTest" time="0.023"/>
  <testcase classname="uid.AkYaTest" name="afooTest1" time="0.002"/>
</testsuite> <!-- uid.AkYaTest -->
