<?xml version="1.0" encoding="UTF-8"?>
<!-- Generated by org.testng.reporters.JUnitReportReporter -->
<testsuite hostname="DESKTOP-O0NLTGO" failures="0" tests="1" name="uid.Video2_CreatingTestScript" time="0.026" errors="0" timestamp="2024-10-02T19:37:56 IST" skipped="0">
  <testcase classname="uid.Video2_CreatingTestScript" name="TestCase1" time="0.026"/>
</testsuite> <!-- uid.Video2_CreatingTestScript -->
