<?xml version="1.0" encoding="UTF-8"?>
<!-- Generated by org.testng.reporters.JUnitReportReporter -->
<testsuite hostname="DESKTOP-O0NLTGO" failures="0" tests="3" name="uid.SkiipingTestCases" time="0.015" errors="0" timestamp="2024-09-28T14:34:30 IST" skipped="3">
  <testcase classname="uid.SkiipingTestCases" name="testcase3" time="0.003">
    <skipped/>
  </testcase> <!-- testcase3 -->
  <testcase classname="uid.SkiipingTestCases" name="testcase2" time="0.012">
    <skipped/>
  </testcase> <!-- testcase2 -->
  <testcase classname="uid.SkiipingTestCases" name="testcase1">
    <skipped/>
  </testcase> <!-- testcase1 -->
</testsuite> <!-- uid.SkiipingTestCases -->
